==13176== Memcheck, a memory error detector
==13176== Copyright (C) 2002-2015, and GNU GPL'd, by Julian Seward et al.
==13176== Using Valgrind-3.11.0 and LibVEX; rerun with -h for copyright info
==13176== Command: ./ExplodingDjanni
==13176== Parent PID: 12212
==13176== 
--13176-- 
--13176-- Valgrind options:
--13176--    --leak-check=full
--13176--    --log-file=logfile.out
--13176--    -v
--13176-- Contents of /proc/version:
--13176--   Linux version 4.4.0-59-generic (buildd@lgw01-11) (gcc version 5.4.0 20160609 (Ubuntu 5.4.0-6ubuntu1~16.04.4) ) #80-Ubuntu SMP Fri Jan 6 17:47:47 UTC 2017
--13176-- 
--13176-- Arch and hwcaps: AMD64, LittleEndian, amd64-cx16-lzcnt-rdtscp-sse3-avx-avx2-bmi
--13176-- Page sizes: currently 4096, max supported 4096
--13176-- Valgrind library directory: /usr/lib/valgrind
--13176-- Reading syms from /home/pingumen96/Dropbox/Università/1° anno/Primo semestre/Programmazione I/Laboratorio/Progetto finale/ExplodingDjanni/ExplodingDjanni/bin/Debug/ExplodingDjanni
--13176-- Reading syms from /lib/x86_64-linux-gnu/ld-2.23.so
--13176--   Considering /lib/x86_64-linux-gnu/ld-2.23.so ..
--13176--   .. CRC mismatch (computed e101f79f wanted 8d6608d4)
--13176--   Considering /usr/lib/debug/lib/x86_64-linux-gnu/ld-2.23.so ..
--13176--   .. CRC is valid
--13176-- Reading syms from /usr/lib/valgrind/memcheck-amd64-linux
--13176--   Considering /usr/lib/valgrind/memcheck-amd64-linux ..
--13176--   .. CRC mismatch (computed 5529a2c7 wanted 5bd23904)
--13176--    object doesn't have a symbol table
--13176--    object doesn't have a dynamic symbol table
--13176-- Scheduler: using generic scheduler lock implementation.
--13176-- Reading suppressions file: /usr/lib/valgrind/default.supp
==13176== embedded gdbserver: reading from /tmp/vgdb-pipe-from-vgdb-to-13176-by-pingumen96-on-???
==13176== embedded gdbserver: writing to   /tmp/vgdb-pipe-to-vgdb-from-13176-by-pingumen96-on-???
==13176== embedded gdbserver: shared mem   /tmp/vgdb-pipe-shared-mem-vgdb-13176-by-pingumen96-on-???
==13176== 
==13176== TO CONTROL THIS PROCESS USING vgdb (which you probably
==13176== don't want to do, unless you know exactly what you're doing,
==13176== or are doing some strange experiment):
==13176==   /usr/lib/valgrind/../../bin/vgdb --pid=13176 ...command...
==13176== 
==13176== TO DEBUG THIS PROCESS USING GDB: start GDB like this
==13176==   /path/to/gdb ./ExplodingDjanni
==13176== and then give GDB the following command
==13176==   target remote | /usr/lib/valgrind/../../bin/vgdb --pid=13176
==13176== --pid is optional if only one valgrind process is running
==13176== 
--13176-- REDIR: 0x401cdc0 (ld-linux-x86-64.so.2:strlen) redirected to 0x3809e181 (???)
--13176-- Reading syms from /usr/lib/valgrind/vgpreload_core-amd64-linux.so
--13176--   Considering /usr/lib/valgrind/vgpreload_core-amd64-linux.so ..
--13176--   .. CRC mismatch (computed a30c8eaa wanted 7ae2fed4)
--13176--    object doesn't have a symbol table
--13176-- Reading syms from /usr/lib/valgrind/vgpreload_memcheck-amd64-linux.so
--13176--   Considering /usr/lib/valgrind/vgpreload_memcheck-amd64-linux.so ..
--13176--   .. CRC mismatch (computed 402c2ab5 wanted 745f25ae)
--13176--    object doesn't have a symbol table
==13176== WARNING: new redirection conflicts with existing -- ignoring it
--13176--     old: 0x0401cdc0 (strlen              ) R-> (0000.0) 0x3809e181 ???
--13176--     new: 0x0401cdc0 (strlen              ) R-> (2007.0) 0x04c31020 strlen
--13176-- REDIR: 0x401b710 (ld-linux-x86-64.so.2:index) redirected to 0x4c30bc0 (index)
--13176-- REDIR: 0x401b930 (ld-linux-x86-64.so.2:strcmp) redirected to 0x4c320d0 (strcmp)
--13176-- REDIR: 0x401db20 (ld-linux-x86-64.so.2:mempcpy) redirected to 0x4c35270 (mempcpy)
--13176-- Reading syms from /lib/x86_64-linux-gnu/libm-2.23.so
--13176--   Considering /lib/x86_64-linux-gnu/libm-2.23.so ..
--13176--   .. CRC mismatch (computed eda5a952 wanted 8f48b034)
--13176--   Considering /usr/lib/debug/lib/x86_64-linux-gnu/libm-2.23.so ..
--13176--   .. CRC is valid
--13176-- Reading syms from /lib/x86_64-linux-gnu/libc-2.23.so
--13176--   Considering /lib/x86_64-linux-gnu/libc-2.23.so ..
--13176--   .. CRC mismatch (computed 0423f85c wanted cbe1e5cd)
--13176--   Considering /usr/lib/debug/lib/x86_64-linux-gnu/libc-2.23.so ..
--13176--   .. CRC is valid
--13176-- REDIR: 0x51d1e50 (libc.so.6:strcasecmp) redirected to 0x4a286f0 (_vgnU_ifunc_wrapper)
--13176-- REDIR: 0x51cd6d0 (libc.so.6:strcspn) redirected to 0x4a286f0 (_vgnU_ifunc_wrapper)
--13176-- REDIR: 0x51d4140 (libc.so.6:strncasecmp) redirected to 0x4a286f0 (_vgnU_ifunc_wrapper)
--13176-- REDIR: 0x51cfb40 (libc.so.6:strpbrk) redirected to 0x4a286f0 (_vgnU_ifunc_wrapper)
--13176-- REDIR: 0x51cfed0 (libc.so.6:strspn) redirected to 0x4a286f0 (_vgnU_ifunc_wrapper)
--13176-- REDIR: 0x51d159b (libc.so.6:memcpy@GLIBC_2.2.5) redirected to 0x4a286f0 (_vgnU_ifunc_wrapper)
--13176-- REDIR: 0x51cf850 (libc.so.6:rindex) redirected to 0x4c308a0 (rindex)
--13176-- REDIR: 0x51c6580 (libc.so.6:malloc) redirected to 0x4c2db20 (malloc)
--13176-- REDIR: 0x51cdb70 (libc.so.6:strlen) redirected to 0x4c30f60 (strlen)
--13176-- REDIR: 0x51d1800 (libc.so.6:__GI_mempcpy) redirected to 0x4c34fa0 (__GI_mempcpy)
--13176-- REDIR: 0x51d04b0 (libc.so.6:__GI_strstr) redirected to 0x4c354d0 (__strstr_sse2)
--13176-- REDIR: 0x51cd5b0 (libc.so.6:strcpy) redirected to 0x4a286f0 (_vgnU_ifunc_wrapper)
--13176-- REDIR: 0x51e7e20 (libc.so.6:__strcpy_sse2_unaligned) redirected to 0x4c31040 (strcpy)
--13176-- REDIR: 0x51d8bb0 (libc.so.6:strchrnul) redirected to 0x4c34da0 (strchrnul)
--13176-- REDIR: 0x51c6940 (libc.so.6:free) redirected to 0x4c2ed80 (free)
==13176== Invalid read of size 8
==13176==    at 0x402DB5: mescolaMazzo (mazzo.c:193)
==13176==    by 0x40170E: main (main.c:69)
==13176==  Address 0x550df48 is 136 bytes inside a block of size 144 free'd
==13176==    at 0x4C2EDEB: free (in /usr/lib/valgrind/vgpreload_memcheck-amd64-linux.so)
==13176==    by 0x4032EF: eliminaCarta (mazzo.c:285)
==13176==    by 0x402D9A: mescolaMazzo (mazzo.c:188)
==13176==    by 0x40170E: main (main.c:69)
==13176==  Block was alloc'd at
==13176==    at 0x4C2DB8F: malloc (in /usr/lib/valgrind/vgpreload_memcheck-amd64-linux.so)
==13176==    by 0x4024C0: prependCarta (mazzo.c:21)
==13176==    by 0x402915: caricaMazzo (mazzo.c:113)
==13176==    by 0x4015F4: main (main.c:54)
==13176== 
==13176== Conditional jump or move depends on uninitialised value(s)
==13176==    at 0x403337: svuotaMazzo (mazzo.c:293)
==13176==    by 0x402E19: mescolaMazzo (mazzo.c:201)
==13176==    by 0x40170E: main (main.c:69)
==13176== 
==13176== Conditional jump or move depends on uninitialised value(s)
==13176==    at 0x403377: dimensioneMazzo (mazzo.c:306)
==13176==    by 0x402F4E: mescolaMazzo (mazzo.c:204)
==13176==    by 0x40170E: main (main.c:69)
==13176== 
--13176-- REDIR: 0x51c6b10 (libc.so.6:realloc) redirected to 0x4c2fce0 (realloc)
==13176== Conditional jump or move depends on uninitialised value(s)
==13176==    at 0x403377: dimensioneMazzo (mazzo.c:306)
==13176==    by 0x402B94: mescolaMazzo (mazzo.c:159)
==13176==    by 0x40183E: main (main.c:81)
==13176== 
==13176== Conditional jump or move depends on uninitialised value(s)
==13176==    at 0x402520: stampaCarta (mazzo.c:35)
==13176==    by 0x402669: stampaMazzo (mazzo.c:64)
==13176==    by 0x402B5C: mescolaMazzo (mazzo.c:162)
==13176==    by 0x40183E: main (main.c:81)
==13176== 
==13176== Conditional jump or move depends on uninitialised value(s)
==13176==    at 0x40253C: stampaCarta (mazzo.c:37)
==13176==    by 0x402669: stampaMazzo (mazzo.c:64)
==13176==    by 0x402B5C: mescolaMazzo (mazzo.c:162)
==13176==    by 0x40183E: main (main.c:81)
==13176== 
==13176== Conditional jump or move depends on uninitialised value(s)
==13176==    at 0x402558: stampaCarta (mazzo.c:39)
==13176==    by 0x402669: stampaMazzo (mazzo.c:64)
==13176==    by 0x402B5C: mescolaMazzo (mazzo.c:162)
==13176==    by 0x40183E: main (main.c:81)
==13176== 
==13176== Conditional jump or move depends on uninitialised value(s)
==13176==    at 0x402574: stampaCarta (mazzo.c:41)
==13176==    by 0x402669: stampaMazzo (mazzo.c:64)
==13176==    by 0x402B5C: mescolaMazzo (mazzo.c:162)
==13176==    by 0x40183E: main (main.c:81)
==13176== 
==13176== Conditional jump or move depends on uninitialised value(s)
==13176==    at 0x40258D: stampaCarta (mazzo.c:43)
==13176==    by 0x402669: stampaMazzo (mazzo.c:64)
==13176==    by 0x402B5C: mescolaMazzo (mazzo.c:162)
==13176==    by 0x40183E: main (main.c:81)
==13176== 
==13176== Conditional jump or move depends on uninitialised value(s)
==13176==    at 0x4025A6: stampaCarta (mazzo.c:45)
==13176==    by 0x402669: stampaMazzo (mazzo.c:64)
==13176==    by 0x402B5C: mescolaMazzo (mazzo.c:162)
==13176==    by 0x40183E: main (main.c:81)
==13176== 
==13176== Conditional jump or move depends on uninitialised value(s)
==13176==    at 0x4025BF: stampaCarta (mazzo.c:47)
==13176==    by 0x402669: stampaMazzo (mazzo.c:64)
==13176==    by 0x402B5C: mescolaMazzo (mazzo.c:162)
==13176==    by 0x40183E: main (main.c:81)
==13176== 
==13176== Conditional jump or move depends on uninitialised value(s)
==13176==    at 0x4025D8: stampaCarta (mazzo.c:49)
==13176==    by 0x402669: stampaMazzo (mazzo.c:64)
==13176==    by 0x402B5C: mescolaMazzo (mazzo.c:162)
==13176==    by 0x40183E: main (main.c:81)
==13176== 
==13176== Conditional jump or move depends on uninitialised value(s)
==13176==    at 0x5191CC0: vfprintf (vfprintf.c:1632)
==13176==    by 0x5198898: printf (printf.c:33)
==13176==    by 0x40260F: stampaCarta (mazzo.c:55)
==13176==    by 0x402669: stampaMazzo (mazzo.c:64)
==13176==    by 0x402B5C: mescolaMazzo (mazzo.c:162)
==13176==    by 0x40183E: main (main.c:81)
==13176== 
==13176== Conditional jump or move depends on uninitialised value(s)
==13176==    at 0x403377: dimensioneMazzo (mazzo.c:306)
==13176==    by 0x402B6E: mescolaMazzo (mazzo.c:163)
==13176==    by 0x40183E: main (main.c:81)
==13176== 
==13176== Conditional jump or move depends on uninitialised value(s)
==13176==    at 0x402520: stampaCarta (mazzo.c:35)
==13176==    by 0x402669: stampaMazzo (mazzo.c:64)
==13176==    by 0x402C45: mescolaMazzo (mazzo.c:170)
==13176==    by 0x40183E: main (main.c:81)
==13176== 
==13176== Conditional jump or move depends on uninitialised value(s)
==13176==    at 0x40253C: stampaCarta (mazzo.c:37)
==13176==    by 0x402669: stampaMazzo (mazzo.c:64)
==13176==    by 0x402C45: mescolaMazzo (mazzo.c:170)
==13176==    by 0x40183E: main (main.c:81)
==13176== 
==13176== Conditional jump or move depends on uninitialised value(s)
==13176==    at 0x402558: stampaCarta (mazzo.c:39)
==13176==    by 0x402669: stampaMazzo (mazzo.c:64)
==13176==    by 0x402C45: mescolaMazzo (mazzo.c:170)
==13176==    by 0x40183E: main (main.c:81)
==13176== 
==13176== Conditional jump or move depends on uninitialised value(s)
==13176==    at 0x402574: stampaCarta (mazzo.c:41)
==13176==    by 0x402669: stampaMazzo (mazzo.c:64)
==13176==    by 0x402C45: mescolaMazzo (mazzo.c:170)
==13176==    by 0x40183E: main (main.c:81)
==13176== 
==13176== Conditional jump or move depends on uninitialised value(s)
==13176==    at 0x40258D: stampaCarta (mazzo.c:43)
==13176==    by 0x402669: stampaMazzo (mazzo.c:64)
==13176==    by 0x402C45: mescolaMazzo (mazzo.c:170)
==13176==    by 0x40183E: main (main.c:81)
==13176== 
==13176== Conditional jump or move depends on uninitialised value(s)
==13176==    at 0x4025A6: stampaCarta (mazzo.c:45)
==13176==    by 0x402669: stampaMazzo (mazzo.c:64)
==13176==    by 0x402C45: mescolaMazzo (mazzo.c:170)
==13176==    by 0x40183E: main (main.c:81)
==13176== 
==13176== Conditional jump or move depends on uninitialised value(s)
==13176==    at 0x4025BF: stampaCarta (mazzo.c:47)
==13176==    by 0x402669: stampaMazzo (mazzo.c:64)
==13176==    by 0x402C45: mescolaMazzo (mazzo.c:170)
==13176==    by 0x40183E: main (main.c:81)
==13176== 
==13176== Conditional jump or move depends on uninitialised value(s)
==13176==    at 0x4025D8: stampaCarta (mazzo.c:49)
==13176==    by 0x402669: stampaMazzo (mazzo.c:64)
==13176==    by 0x402C45: mescolaMazzo (mazzo.c:170)
==13176==    by 0x40183E: main (main.c:81)
==13176== 
==13176== Conditional jump or move depends on uninitialised value(s)
==13176==    at 0x403337: svuotaMazzo (mazzo.c:293)
==13176==    by 0x402FB7: mescolaMazzo (mazzo.c:221)
==13176==    by 0x401860: main (main.c:82)
==13176== 
==13176== Conditional jump or move depends on uninitialised value(s)
==13176==    at 0x402520: stampaCarta (mazzo.c:35)
==13176==    by 0x402669: stampaMazzo (mazzo.c:64)
==13176==    by 0x403099: mescolaMazzo (mazzo.c:230)
==13176==    by 0x401860: main (main.c:82)
==13176== 
==13176== Conditional jump or move depends on uninitialised value(s)
==13176==    at 0x40253C: stampaCarta (mazzo.c:37)
==13176==    by 0x402669: stampaMazzo (mazzo.c:64)
==13176==    by 0x403099: mescolaMazzo (mazzo.c:230)
==13176==    by 0x401860: main (main.c:82)
==13176== 
==13176== Conditional jump or move depends on uninitialised value(s)
==13176==    at 0x402558: stampaCarta (mazzo.c:39)
==13176==    by 0x402669: stampaMazzo (mazzo.c:64)
==13176==    by 0x403099: mescolaMazzo (mazzo.c:230)
==13176==    by 0x401860: main (main.c:82)
==13176== 
==13176== Conditional jump or move depends on uninitialised value(s)
==13176==    at 0x402574: stampaCarta (mazzo.c:41)
==13176==    by 0x402669: stampaMazzo (mazzo.c:64)
==13176==    by 0x403099: mescolaMazzo (mazzo.c:230)
==13176==    by 0x401860: main (main.c:82)
==13176== 
==13176== Conditional jump or move depends on uninitialised value(s)
==13176==    at 0x40258D: stampaCarta (mazzo.c:43)
==13176==    by 0x402669: stampaMazzo (mazzo.c:64)
==13176==    by 0x403099: mescolaMazzo (mazzo.c:230)
==13176==    by 0x401860: main (main.c:82)
==13176== 
==13176== Conditional jump or move depends on uninitialised value(s)
==13176==    at 0x4025A6: stampaCarta (mazzo.c:45)
==13176==    by 0x402669: stampaMazzo (mazzo.c:64)
==13176==    by 0x403099: mescolaMazzo (mazzo.c:230)
==13176==    by 0x401860: main (main.c:82)
==13176== 
==13176== Conditional jump or move depends on uninitialised value(s)
==13176==    at 0x4025BF: stampaCarta (mazzo.c:47)
==13176==    by 0x402669: stampaMazzo (mazzo.c:64)
==13176==    by 0x403099: mescolaMazzo (mazzo.c:230)
==13176==    by 0x401860: main (main.c:82)
==13176== 
==13176== Conditional jump or move depends on uninitialised value(s)
==13176==    at 0x4025D8: stampaCarta (mazzo.c:49)
==13176==    by 0x402669: stampaMazzo (mazzo.c:64)
==13176==    by 0x403099: mescolaMazzo (mazzo.c:230)
==13176==    by 0x401860: main (main.c:82)
==13176== 
==13176== Conditional jump or move depends on uninitialised value(s)
==13176==    at 0x403337: svuotaMazzo (mazzo.c:293)
==13176==    by 0x402FB7: mescolaMazzo (mazzo.c:221)
==13176==    by 0x401F2F: main (main.c:181)
==13176== 
==13176== Conditional jump or move depends on uninitialised value(s)
==13176==    at 0x402520: stampaCarta (mazzo.c:35)
==13176==    by 0x402669: stampaMazzo (mazzo.c:64)
==13176==    by 0x403099: mescolaMazzo (mazzo.c:230)
==13176==    by 0x401F2F: main (main.c:181)
==13176== 
==13176== Conditional jump or move depends on uninitialised value(s)
==13176==    at 0x40253C: stampaCarta (mazzo.c:37)
==13176==    by 0x402669: stampaMazzo (mazzo.c:64)
==13176==    by 0x403099: mescolaMazzo (mazzo.c:230)
==13176==    by 0x401F2F: main (main.c:181)
==13176== 
==13176== Conditional jump or move depends on uninitialised value(s)
==13176==    at 0x402558: stampaCarta (mazzo.c:39)
==13176==    by 0x402669: stampaMazzo (mazzo.c:64)
==13176==    by 0x403099: mescolaMazzo (mazzo.c:230)
==13176==    by 0x401F2F: main (main.c:181)
==13176== 
==13176== Conditional jump or move depends on uninitialised value(s)
==13176==    at 0x402574: stampaCarta (mazzo.c:41)
==13176==    by 0x402669: stampaMazzo (mazzo.c:64)
==13176==    by 0x403099: mescolaMazzo (mazzo.c:230)
==13176==    by 0x401F2F: main (main.c:181)
==13176== 
==13176== Conditional jump or move depends on uninitialised value(s)
==13176==    at 0x40258D: stampaCarta (mazzo.c:43)
==13176==    by 0x402669: stampaMazzo (mazzo.c:64)
==13176==    by 0x403099: mescolaMazzo (mazzo.c:230)
==13176==    by 0x401F2F: main (main.c:181)
==13176== 
==13176== Conditional jump or move depends on uninitialised value(s)
==13176==    at 0x4025A6: stampaCarta (mazzo.c:45)
==13176==    by 0x402669: stampaMazzo (mazzo.c:64)
==13176==    by 0x403099: mescolaMazzo (mazzo.c:230)
==13176==    by 0x401F2F: main (main.c:181)
==13176== 
==13176== Conditional jump or move depends on uninitialised value(s)
==13176==    at 0x4025BF: stampaCarta (mazzo.c:47)
==13176==    by 0x402669: stampaMazzo (mazzo.c:64)
==13176==    by 0x403099: mescolaMazzo (mazzo.c:230)
==13176==    by 0x401F2F: main (main.c:181)
==13176== 
==13176== Conditional jump or move depends on uninitialised value(s)
==13176==    at 0x4025D8: stampaCarta (mazzo.c:49)
==13176==    by 0x402669: stampaMazzo (mazzo.c:64)
==13176==    by 0x403099: mescolaMazzo (mazzo.c:230)
==13176==    by 0x401F2F: main (main.c:181)
==13176== 
==13176== Invalid write of size 8
==13176==    at 0x401035: scartaCartaTipo (giocatore.c:98)
==13176==    by 0x401EC6: main (main.c:176)
==13176==  Address 0x5519a8c is 0 bytes after a block of size 396 alloc'd
==13176==    at 0x4C2DB8F: malloc (in /usr/lib/valgrind/vgpreload_memcheck-amd64-linux.so)
==13176==    by 0x400F74: scartaCartaTipo (giocatore.c:86)
==13176==    by 0x401EC6: main (main.c:176)
==13176== 
==13176== Invalid write of size 8
==13176==    at 0x40104E: scartaCartaTipo (giocatore.c:98)
==13176==    by 0x401EC6: main (main.c:176)
==13176==  Address 0x5519b08 is 56 bytes inside an unallocated block of size 4,138,256 in arena "client"
==13176== 
==13176== Invalid write of size 8
==13176==    at 0x401072: scartaCartaTipo (giocatore.c:98)
==13176==    by 0x401EC6: main (main.c:176)
==13176==  Address 0x5519a90 is 4 bytes after a block of size 396 alloc'd
==13176==    at 0x4C2DB8F: malloc (in /usr/lib/valgrind/vgpreload_memcheck-amd64-linux.so)
==13176==    by 0x400F74: scartaCartaTipo (giocatore.c:86)
==13176==    by 0x401EC6: main (main.c:176)
==13176== 
--13176-- VALGRIND INTERNAL ERROR: Valgrind received a signal 11 (SIGSEGV) - exiting
--13176-- si_code=1;  Faulting address: 0x26A0E9F6;  sp: 0x802ca9e30

valgrind: the 'impossible' happened:
   Killed by fatal signal

host stacktrace:
==13176==    at 0x38091C12: ??? (in /usr/lib/valgrind/memcheck-amd64-linux)
==13176==    by 0x38050E84: ??? (in /usr/lib/valgrind/memcheck-amd64-linux)
==13176==    by 0x38051056: ??? (in /usr/lib/valgrind/memcheck-amd64-linux)
==13176==    by 0x380D4F7B: ??? (in /usr/lib/valgrind/memcheck-amd64-linux)
==13176==    by 0x380E3946: ??? (in /usr/lib/valgrind/memcheck-amd64-linux)

sched status:
  running_tid=1

Thread 1: status = VgTs_Runnable (lwpid 13176)
==13176==    at 0x4C2DB8F: malloc (in /usr/lib/valgrind/vgpreload_memcheck-amd64-linux.so)
==13176==    by 0x401219: scartaCarta (giocatore.c:128)
==13176==    by 0x401FCE: main (main.c:189)


Note: see also the FAQ in the source distribution.
It contains workarounds to several common problems.
In particular, if Valgrind aborted or crashed after
identifying problems in your program, there's a good chance
that fixing those problems will prevent Valgrind aborting or
crashing, especially if it happened in m_mallocfree.c.

If that doesn't help, please report this bug to: www.valgrind.org

In the bug report, send all the above text, the valgrind
version, and what OS and version you are using.  Thanks.

